0 info it worked if it ends with ok
1 verbose cli [ 'C:\\Program Files\\nodejs\\node.exe',
1 verbose cli   'C:\\Program Files\\nodejs\\node_modules\\npm\\bin\\npm-cli.js',
1 verbose cli   'run',
1 verbose cli   'wptest' ]
2 info using npm@3.10.10
3 info using node@v6.10.0
4 verbose run-script [ 'prewptest', 'wptest', 'postwptest' ]
5 info lifecycle my_webpack_2@1.0.0~prewptest: my_webpack_2@1.0.0
6 silly lifecycle my_webpack_2@1.0.0~prewptest: no script for prewptest, continuing
7 info lifecycle my_webpack_2@1.0.0~wptest: my_webpack_2@1.0.0
8 verbose lifecycle my_webpack_2@1.0.0~wptest: unsafe-perm in lifecycle true
9 verbose lifecycle my_webpack_2@1.0.0~wptest: PATH: C:\Program Files\nodejs\node_modules\npm\bin\node-gyp-bin;F:\github\my_webpack_3\HelloGitHub\node_modules\.bin;C:\Users\hel\bin;E:\work\git\Git\mingw64\bin;E:\work\git\Git\usr\local\bin;E:\work\git\Git\usr\bin;E:\work\git\Git\usr\bin;E:\work\git\Git\mingw64\bin;E:\work\git\Git\usr\bin;C:\Users\hel\bin;C:\Program Files (x86)\Intel\iCLS Client;C:\Program Files\Intel\iCLS Client;C:\WINDOWS\system32;C:\WINDOWS;C:\WINDOWS\System32\Wbem;C:\WINDOWS\System32\WindowsPowerShell\v1.0;C:\Program Files\Intel\Intel(R) Management Engine Components\DAL;C:\Program Files\Intel\Intel(R) Management Engine Components\IPT;C:\Program Files (x86)\Intel\Intel(R) Management Engine Components\DAL;C:\Program Files (x86)\Intel\Intel(R) Management Engine Components\IPT;C:\WINDOWS\system32\config\systemprofile\.dnx\bin;C:\Program Files\Microsoft DNX\Dnvm;C:\Program Files\Microsoft SQL Server\130\Tools\Binn;C:\Program Files\TortoiseGit\bin;C:\Program Files\MySQL\MySQL Server 5.7\bin;C:\Program Files\Microsoft SQL Server\110\DTS\Binn;C:\Program Files (x86)\Microsoft SQL Server\110\Tools\Binn;C:\Program Files\Microsoft SQL Server\110\Tools\Binn;C:\Program Files (x86)\Microsoft SQL Server\110\Tools\Binn\ManagementStudio;C:\Program Files (x86)\Microsoft Visual Studio 10.0\Common7\IDE\PrivateAssemblies;C:\Program Files (x86)\Microsoft SQL Server\110\DTS\Binn;C:\Program Files\nodejs;E:\work\vscode\Microsoft VS Code\bin;C:\Users\hel\AppData\Local\Microsoft\WindowsApps;F:\lessc\less.js-windows-v2.6.1;C:\Users\hel\AppData\Roaming\npm;E:\work\git\Git\usr\bin\vendor_perl;E:\work\git\Git\usr\bin\core_perl
10 verbose lifecycle my_webpack_2@1.0.0~wptest: CWD: F:\github\my_webpack_3\HelloGitHub
11 silly lifecycle my_webpack_2@1.0.0~wptest: Args: [ '/d /s /c',
11 silly lifecycle   'webpack --config webpack.config.js --progress --colors  --display-modules --display-reasons' ]
12 silly lifecycle my_webpack_2@1.0.0~wptest: Returned: code: 2  signal: null
13 info lifecycle my_webpack_2@1.0.0~wptest: Failed to exec wptest script
14 verbose stack Error: my_webpack_2@1.0.0 wptest: `webpack --config webpack.config.js --progress --colors  --display-modules --display-reasons`
14 verbose stack Exit status 2
14 verbose stack     at EventEmitter.<anonymous> (C:\Program Files\nodejs\node_modules\npm\lib\utils\lifecycle.js:255:16)
14 verbose stack     at emitTwo (events.js:106:13)
14 verbose stack     at EventEmitter.emit (events.js:191:7)
14 verbose stack     at ChildProcess.<anonymous> (C:\Program Files\nodejs\node_modules\npm\lib\utils\spawn.js:40:14)
14 verbose stack     at emitTwo (events.js:106:13)
14 verbose stack     at ChildProcess.emit (events.js:191:7)
14 verbose stack     at maybeClose (internal/child_process.js:877:16)
14 verbose stack     at Process.ChildProcess._handle.onexit (internal/child_process.js:226:5)
15 verbose pkgid my_webpack_2@1.0.0
16 verbose cwd F:\github\my_webpack_3\HelloGitHub
17 error Windows_NT 10.0.14393
18 error argv "C:\\Program Files\\nodejs\\node.exe" "C:\\Program Files\\nodejs\\node_modules\\npm\\bin\\npm-cli.js" "run" "wptest"
19 error node v6.10.0
20 error npm  v3.10.10
21 error code ELIFECYCLE
22 error my_webpack_2@1.0.0 wptest: `webpack --config webpack.config.js --progress --colors  --display-modules --display-reasons`
22 error Exit status 2
23 error Failed at the my_webpack_2@1.0.0 wptest script 'webpack --config webpack.config.js --progress --colors  --display-modules --display-reasons'.
23 error Make sure you have the latest version of node.js and npm installed.
23 error If you do, this is most likely a problem with the my_webpack_2 package,
23 error not with npm itself.
23 error Tell the author that this fails on your system:
23 error     webpack --config webpack.config.js --progress --colors  --display-modules --display-reasons
23 error You can get information on how to open an issue for this project with:
23 error     npm bugs my_webpack_2
23 error Or if that isn't available, you can get their info via:
23 error     npm owner ls my_webpack_2
23 error There is likely additional logging output above.
24 verbose exit [ 1, true ]
